-------------------------------------------------------------------------------
Test set: ku.piii.fxtableoutofbox.TestMainApp
-------------------------------------------------------------------------------
Tests run: 1, Failures: 1, Errors: 0, Skipped: 0, Time elapsed: 3.343 sec <<< FAILURE!
isTableViewListCorrect(ku.piii.fxtableoutofbox.TestMainApp)  Time elapsed: 3.006 sec  <<< FAILURE!
java.lang.AssertionError: 
Expected: iterable over [<ku.piii.model.MusicMedia@2df32bf7[path=..\test-music-files\collection-A\After Many Days\Cannibal Eyes - clip.mp3,lengthInSeconds=<null>,id3Version=<null>,title=Cannibal Eyes,year=2010,genre=Celtic]>, <ku.piii.model.MusicMedia@f4168b8[path=..\test-music-files\collection-A\Anshlavs - Second Trip - clip.mp3,lengthInSeconds=<null>,id3Version=<null>,title=Second Trip,year=<null>,genre=<null>]>, <ku.piii.model.MusicMedia@3bd94634[path=..\test-music-files\collection-A\DARKPOP BAND ANGELIQUE - PERFECT WORLD (AMBIENT) - clip.mp3,lengthInSeconds=<null>,id3Version=<null>,title=PERFECT WORLD (AMBIENT),year=1999,genre=Alt. Rock]>, <ku.piii.model.MusicMedia@58a90037[path=..\test-music-files\collection-A\Freak Fandango Orchestra\Freak Fandango Orchestra - No means no - clip.mp3,lengthInSeconds=<null>,id3Version=<null>,title=No means no,year=2010,genre=Classical]>, <ku.piii.model.MusicMedia@74294adb[path=..\test-music-files\collection-A\Gem Reflection - Tubeman - clip.mp3,lengthInSeconds=<null>,id3Version=<null>,title=Tubeman,year=2000,genre=Black Metal]>, <ku.piii.model.MusicMedia@70a9f84e[path=..\test-music-files\collection-A\IX - la chichonera - clip.mp3,lengthInSeconds=<null>,id3Version=<null>,title=la chichonera,year=1999,genre=Christian Rap]>, <ku.piii.model.MusicMedia@130f889[path=..\test-music-files\collection-A\Omnibrain - Neverending - clip.mp3,lengthInSeconds=<null>,id3Version=<null>,title=Neverending,year=2001,genre=Electronic]>, <ku.piii.model.MusicMedia@1188e820[path=..\test-music-files\collection-A\Orxata Sound System\als nous amos - clip.mp3,lengthInSeconds=<null>,id3Version=<null>,title=als nous amos,year=2012,genre=BritPop]>, <ku.piii.model.MusicMedia@2f490758[path=..\test-music-files\collection-A\Orxata Sound System\fuster meets guevara - clip.mp3,lengthInSeconds=<null>,id3Version=<null>,title=fuster meets guevara,year=2011,genre=Classical]>] in any order
     but: No item matches: <ku.piii.model.MusicMedia@2df32bf7[path=..\test-music-files\collection-A\After Many Days\Cannibal Eyes - clip.mp3,lengthInSeconds=<null>,id3Version=<null>,title=Cannibal Eyes,year=2010,genre=Celtic]>, <ku.piii.model.MusicMedia@f4168b8[path=..\test-music-files\collection-A\Anshlavs - Second Trip - clip.mp3,lengthInSeconds=<null>,id3Version=<null>,title=Second Trip,year=<null>,genre=<null>]>, <ku.piii.model.MusicMedia@3bd94634[path=..\test-music-files\collection-A\DARKPOP BAND ANGELIQUE - PERFECT WORLD (AMBIENT) - clip.mp3,lengthInSeconds=<null>,id3Version=<null>,title=PERFECT WORLD (AMBIENT),year=1999,genre=Alt. Rock]>, <ku.piii.model.MusicMedia@58a90037[path=..\test-music-files\collection-A\Freak Fandango Orchestra\Freak Fandango Orchestra - No means no - clip.mp3,lengthInSeconds=<null>,id3Version=<null>,title=No means no,year=2010,genre=Classical]>, <ku.piii.model.MusicMedia@74294adb[path=..\test-music-files\collection-A\Gem Reflection - Tubeman - clip.mp3,lengthInSeconds=<null>,id3Version=<null>,title=Tubeman,year=2000,genre=Black Metal]>, <ku.piii.model.MusicMedia@70a9f84e[path=..\test-music-files\collection-A\IX - la chichonera - clip.mp3,lengthInSeconds=<null>,id3Version=<null>,title=la chichonera,year=1999,genre=Christian Rap]>, <ku.piii.model.MusicMedia@130f889[path=..\test-music-files\collection-A\Omnibrain - Neverending - clip.mp3,lengthInSeconds=<null>,id3Version=<null>,title=Neverending,year=2001,genre=Electronic]>, <ku.piii.model.MusicMedia@1188e820[path=..\test-music-files\collection-A\Orxata Sound System\als nous amos - clip.mp3,lengthInSeconds=<null>,id3Version=<null>,title=als nous amos,year=2012,genre=BritPop]>, <ku.piii.model.MusicMedia@2f490758[path=..\test-music-files\collection-A\Orxata Sound System\fuster meets guevara - clip.mp3,lengthInSeconds=<null>,id3Version=<null>,title=fuster meets guevara,year=2011,genre=Classical]> in []
	at org.hamcrest.MatcherAssert.assertThat(MatcherAssert.java:20)
	at org.junit.Assert.assertThat(Assert.java:956)
	at org.junit.Assert.assertThat(Assert.java:923)
	at ku.piii.fxtableoutofbox.TestMainApp.isTableViewListCorrect(TestMainApp.java:76)
	at sun.reflect.NativeMethodAccessorImpl.invoke0(Native Method)
	at sun.reflect.NativeMethodAccessorImpl.invoke(NativeMethodAccessorImpl.java:62)
	at sun.reflect.DelegatingMethodAccessorImpl.invoke(DelegatingMethodAccessorImpl.java:43)
	at java.lang.reflect.Method.invoke(Method.java:498)
	at org.junit.runners.model.FrameworkMethod$1.runReflectiveCall(FrameworkMethod.java:50)
	at org.junit.internal.runners.model.ReflectiveCallable.run(ReflectiveCallable.java:12)
	at org.junit.runners.model.FrameworkMethod.invokeExplosively(FrameworkMethod.java:47)
	at org.junit.internal.runners.statements.InvokeMethod.evaluate(InvokeMethod.java:17)
	at org.junit.internal.runners.statements.RunBefores.evaluate(RunBefores.java:26)
	at org.junit.runners.ParentRunner.runLeaf(ParentRunner.java:325)
	at org.junit.runners.BlockJUnit4ClassRunner.runChild(BlockJUnit4ClassRunner.java:78)
	at org.junit.runners.BlockJUnit4ClassRunner.runChild(BlockJUnit4ClassRunner.java:57)
	at org.junit.runners.ParentRunner$3.run(ParentRunner.java:290)
	at org.junit.runners.ParentRunner$1.schedule(ParentRunner.java:71)
	at org.junit.runners.ParentRunner.runChildren(ParentRunner.java:288)
	at org.junit.runners.ParentRunner.access$000(ParentRunner.java:58)
	at org.junit.runners.ParentRunner$2.evaluate(ParentRunner.java:268)
	at org.junit.runners.ParentRunner.run(ParentRunner.java:363)
	at org.apache.maven.surefire.junit4.JUnit4TestSet.execute(JUnit4TestSet.java:53)
	at org.apache.maven.surefire.junit4.JUnit4Provider.executeTestSet(JUnit4Provider.java:123)
	at org.apache.maven.surefire.junit4.JUnit4Provider.invoke(JUnit4Provider.java:104)
	at sun.reflect.NativeMethodAccessorImpl.invoke0(Native Method)
	at sun.reflect.NativeMethodAccessorImpl.invoke(NativeMethodAccessorImpl.java:62)
	at sun.reflect.DelegatingMethodAccessorImpl.invoke(DelegatingMethodAccessorImpl.java:43)
	at java.lang.reflect.Method.invoke(Method.java:498)
	at org.apache.maven.surefire.util.ReflectionUtils.invokeMethodWithArray(ReflectionUtils.java:164)
	at org.apache.maven.surefire.booter.ProviderFactory$ProviderProxy.invoke(ProviderFactory.java:110)
	at org.apache.maven.surefire.booter.SurefireStarter.invokeProvider(SurefireStarter.java:175)
	at org.apache.maven.surefire.booter.SurefireStarter.runSuitesInProcessWhenForked(SurefireStarter.java:107)
	at org.apache.maven.surefire.booter.ForkedBooter.main(ForkedBooter.java:68)
